{
  "addr": "127.0.0.1:8001",
  "group": "test",
  "stats": {
    "cache_closed": false,
    "cache_hit_rate": 1,
    "cache_hits": 8429,
    "cache_initialized": true,
    "cache_misses": 0,
    "cache_size": 0,
    "closed": false,
    "expiration": "10s",
    "hit_rate": 1,
    "loader_errors": 0,
    "loader_hits": 0,
    "loads": 0,
    "local_hits": 8429,
    "local_misses": 0,
    "name": "test",
    "peer_hits": 38523,
    "peer_misses": 0
  },
  "svc": "kv-cache",
  "time": "2026-04-18T17:59:09+08:00"
}
